<?xml version="1.0" encoding="UTF-8"?>
<!-- Generated by org.testng.reporters.JUnitReportReporter -->
<testsuite hostname="DELL" failures="0" tests="1" name="Demo.Sample" time="0.037" errors="0" timestamp="2022-12-14T16:45:55 IST" skipped="0">
  <testcase classname="Demo.Sample" name="sampleTest" time="0.037"/>
  <system-out/>
</testsuite> <!-- Demo.Sample -->
