<?xml version="1.0" encoding="UTF-8"?>
<!-- Generated by org.testng.reporters.JUnitReportReporter -->
<testsuite hostname="DELL" failures="0" tests="1" name="createOrganizations.createOrg" time="0.015" errors="0" timestamp="2022-12-17T17:04:10 IST" skipped="0">
  <testcase classname="createOrganizations.createOrg" name="TC_215" time="0.015"/>
  <system-out/>
</testsuite> <!-- createOrganizations.createOrg -->
